# JRE version: OpenJDK Runtime Environment (17.0.6) (build 17.0.6+0-b2043.56-9586694)
# Java VM: OpenJDK 64-Bit Server VM (17.0.6+0-b2043.56-9586694, mixed mode, tiered, compressed oops, compressed class ptrs, g1 gc, windows-amd64)
GC Precious Log:
 CPUs: 8 total, 8 available
 Memory: 16267M
 Large Page Support: Disabled
 NUMA Support: Disabled
 Compressed Oops: Enabled (32-bit)
 Heap Region Size: 1M
 Heap Min Capacity: 8M
 Heap Initial Capacity: 256M
 Heap Max Capacity: 2G
 Pre-touch: Disabled
 Parallel Workers: 8
 Concurrent Workers: 2
 Concurrent Refinement Workers: 8
 Periodic GC: Disabled
Heap:
 garbage-first heap   total 268288K, used 133082K [0x0000000080000000, 0x0000000100000000)
  region size 1024K, 1 young (1024K), 1 survivors (1024K)
 Metaspace       used 124335K, committed 125376K, reserved 1163264K
  class space    used 17129K, committed 17600K, reserved 1048576K
GC Heap History (20 events):
Event: 79.085 GC heap after
{Heap after GC invocations=55 (full 0):
 garbage-first heap   total 230400K, used 123780K [0x0000000080000000, 0x0000000100000000)
  region size 1024K, 2 young (2048K), 2 survivors (2048K)
 Metaspace       used 105556K, committed 106368K, reserved 1146880K
  class space    used 14311K, committed 14720K, reserved 1048576K
}
Event: 79.835 GC heap before
{Heap before GC invocations=55 (full 0):
 garbage-first heap   total 230400K, used 187268K [0x0000000080000000, 0x0000000100000000)
  region size 1024K, 65 young (66560K), 2 survivors (2048K)
 Metaspace       used 113418K, committed 114304K, reserved 1155072K
  class space    used 15488K, committed 15872K, reserved 1048576K
}
Event: 79.843 GC heap after
{Heap after GC invocations=56 (full 0):
 garbage-first heap   total 230400K, used 130553K [0x0000000080000000, 0x0000000100000000)
  region size 1024K, 9 young (9216K), 9 survivors (9216K)
 Metaspace       used 113418K, committed 114304K, reserved 1155072K
  class space    used 15488K, committed 15872K, reserved 1048576K
}
Event: 80.522 GC heap before
{Heap before GC invocations=57 (full 0):
 garbage-first heap   total 235520K, used 186873K [0x0000000080000000, 0x0000000100000000)
  region size 1024K, 65 young (66560K), 9 survivors (9216K)
 Metaspace       used 120409K, committed 121344K, reserved 1155072K
  class space    used 16715K, committed 17152K, reserved 1048576K
}
Event: 80.528 GC heap after
{Heap after GC invocations=58 (full 0):
 garbage-first heap   total 235520K, used 133218K [0x0000000080000000, 0x0000000100000000)
  region size 1024K, 4 young (4096K), 4 survivors (4096K)
 Metaspace       used 120409K, committed 121344K, reserved 1155072K
  class space    used 16715K, committed 17152K, reserved 1048576K
}
Event: 80.583 GC heap before
{Heap before GC invocations=58 (full 0):
 garbage-first heap   total 235520K, used 139362K [0x0000000080000000, 0x0000000100000000)
  region size 1024K, 11 young (11264K), 4 survivors (4096K)
 Metaspace       used 120842K, committed 121792K, reserved 1155072K
  class space    used 16810K, committed 17280K, reserved 1048576K
}
Event: 80.589 GC heap after
{Heap after GC invocations=59 (full 0):
 garbage-first heap   total 235520K, used 126096K [0x0000000080000000, 0x0000000100000000)
  region size 1024K, 2 young (2048K), 2 survivors (2048K)
 Metaspace       used 120842K, committed 121792K, reserved 1155072K
  class space    used 16810K, committed 17280K, reserved 1048576K
}
Event: 81.266 GC heap before
{Heap before GC invocations=59 (full 0):
 garbage-first heap   total 235520K, used 181392K [0x0000000080000000, 0x0000000100000000)
  region size 1024K, 58 young (59392K), 2 survivors (2048K)
 Metaspace       used 122716K, committed 123648K, reserved 1155072K
  class space    used 17083K, committed 17536K, reserved 1048576K
}
Event: 81.269 GC heap after
{Heap after GC invocations=60 (full 0):
 garbage-first heap   total 235520K, used 125790K [0x0000000080000000, 0x0000000100000000)
  region size 1024K, 2 young (2048K), 2 survivors (2048K)
 Metaspace       used 122716K, committed 123648K, reserved 1155072K
  class space    used 17083K, committed 17536K, reserved 1048576K
}
Event: 85.333 GC heap before
{Heap before GC invocations=61 (full 0):
 garbage-first heap   total 268288K, used 222046K [0x0000000080000000, 0x0000000100000000)
  region size 1024K, 66 young (67584K), 2 survivors (2048K)
 Metaspace       used 123116K, committed 124096K, reserved 1155072K
  class space    used 17112K, committed 17600K, reserved 1048576K
}
Event: 85.340 GC heap after
{Heap after GC invocations=62 (full 0):
 garbage-first heap   total 268288K, used 133456K [0x0000000080000000, 0x0000000100000000)
  region size 1024K, 9 young (9216K), 9 survivors (9216K)
 Metaspace       used 123116K, committed 124096K, reserved 1155072K
  class space    used 17112K, committed 17600K, reserved 1048576K
}
Event: 85.376 GC heap before
{Heap before GC invocations=62 (full 0):
 garbage-first heap   total 268288K, used 137552K [0x0000000080000000, 0x0000000100000000)
  region size 1024K, 13 young (13312K), 9 survivors (9216K)
 Metaspace       used 123121K, committed 124096K, reserved 1155072K
  class space    used 17112K, committed 17600K, reserved 1048576K
}
Event: 85.385 GC heap after
{Heap after GC invocations=63 (full 0):
 garbage-first heap   total 268288K, used 132876K [0x0000000080000000, 0x0000000100000000)
  region size 1024K, 2 young (2048K), 2 survivors (2048K)
 Metaspace       used 123121K, committed 124096K, reserved 1155072K
  class space    used 17112K, committed 17600K, reserved 1048576K
}
Event: 109.745 GC heap before
{Heap before GC invocations=63 (full 0):
 garbage-first heap   total 268288K, used 217868K [0x0000000080000000, 0x0000000100000000)
  region size 1024K, 86 young (88064K), 2 survivors (2048K)
 Metaspace       used 123544K, committed 124544K, reserved 1163264K
  class space    used 17124K, committed 17600K, reserved 1048576K
}
Event: 109.755 GC heap after
{Heap after GC invocations=64 (full 0):
 garbage-first heap   total 268288K, used 141664K [0x0000000080000000, 0x0000000100000000)
  region size 1024K, 11 young (11264K), 11 survivors (11264K)
 Metaspace       used 123544K, committed 124544K, reserved 1163264K
  class space    used 17124K, committed 17600K, reserved 1048576K
}
Event: 113.441 GC heap before
{Heap before GC invocations=65 (full 0):
 garbage-first heap   total 268288K, used 215392K [0x0000000080000000, 0x0000000100000000)
  region size 1024K, 85 young (87040K), 11 survivors (11264K)
 Metaspace       used 124324K, committed 125376K, reserved 1163264K
  class space    used 17129K, committed 17600K, reserved 1048576K
}
Event: 113.449 GC heap after
{Heap after GC invocations=66 (full 0):
 garbage-first heap   total 268288K, used 142542K [0x0000000080000000, 0x0000000100000000)
  region size 1024K, 3 young (3072K), 3 survivors (3072K)
 Metaspace       used 124324K, committed 125376K, reserved 1163264K
  class space    used 17129K, committed 17600K, reserved 1048576K
}
Event: 113.529 GC heap before
{Heap before GC invocations=66 (full 0):
 garbage-first heap   total 268288K, used 152782K [0x0000000080000000, 0x0000000100000000)
  region size 1024K, 13 young (13312K), 3 survivors (3072K)
 Metaspace       used 124324K, committed 125376K, reserved 1163264K
  class space    used 17129K, committed 17600K, reserved 1048576K
}
Event: 113.534 GC heap after
{Heap after GC invocations=67 (full 0):
 garbage-first heap   total 268288K, used 133138K [0x0000000080000000, 0x0000000100000000)
  region size 1024K, 1 young (1024K), 1 survivors (1024K)
 Metaspace       used 124324K, committed 125376K, reserved 1163264K
  class space    used 17129K, committed 17600K, reserved 1048576K
}
Event: 113.563 GC heap before
{Heap before GC invocations=67 (full 0):
 garbage-first heap   total 268288K, used 136210K [0x0000000080000000, 0x0000000100000000)
  region size 1024K, 5 young (5120K), 1 survivors (1024K)
 Metaspace       used 124335K, committed 125376K, reserved 1163264K
  class space    used 17129K, committed 17600K, reserved 1048576K
}

