# JRE version: OpenJDK Runtime Environment (11.0.15) (build 11.0.15+0-b2043.56-9505619)
# Java VM: OpenJDK 64-Bit Server VM (11.0.15+0-b2043.56-9505619, mixed mode, tiered, compressed oops, g1 gc, windows-amd64)
Heap:
 garbage-first heap   total 398336K, used 263024K [0x0000000080000000, 0x0000000100000000)
  region size 1024K, 12 young (12288K), 2 survivors (2048K)
 Metaspace       used 243970K, capacity 252020K, committed 252276K, reserved 1267712K
  class space    used 31650K, capacity 34814K, committed 34816K, reserved 1048576K
GC Heap History (20 events):
Event: 4713.631 GC heap before
{Heap before GC invocations=206 (full 0):
 garbage-first heap   total 398336K, used 341431K [0x0000000080000000, 0x0000000100000000)
  region size 1024K, 49 young (50176K), 5 survivors (5120K)
 Metaspace       used 231075K, capacity 238822K, committed 239348K, reserved 1257472K
  class space    used 29447K, capacity 32212K, committed 32384K, reserved 1048576K
}
Event: 4713.640 GC heap after
{Heap after GC invocations=207 (full 0):
 garbage-first heap   total 398336K, used 297595K [0x0000000080000000, 0x0000000100000000)
  region size 1024K, 3 young (3072K), 3 survivors (3072K)
 Metaspace       used 231075K, capacity 238822K, committed 239348K, reserved 1257472K
  class space    used 29447K, capacity 32212K, committed 32384K, reserved 1048576K
}
Event: 5483.361 GC heap before
{Heap before GC invocations=207 (full 0):
 garbage-first heap   total 398336K, used 313979K [0x0000000080000000, 0x0000000100000000)
  region size 1024K, 19 young (19456K), 3 survivors (3072K)
 Metaspace       used 231099K, capacity 238894K, committed 239348K, reserved 1257472K
  class space    used 29447K, capacity 32212K, committed 32384K, reserved 1048576K
}
Event: 5483.388 GC heap after
{Heap after GC invocations=208 (full 0):
 garbage-first heap   total 398336K, used 284389K [0x0000000080000000, 0x0000000100000000)
  region size 1024K, 1 young (1024K), 1 survivors (1024K)
 Metaspace       used 231099K, capacity 238894K, committed 239348K, reserved 1257472K
  class space    used 29447K, capacity 32212K, committed 32384K, reserved 1048576K
}
Event: 5483.959 GC heap before
{Heap before GC invocations=208 (full 0):
 garbage-first heap   total 398336K, used 335589K [0x0000000080000000, 0x0000000100000000)
  region size 1024K, 52 young (53248K), 1 survivors (1024K)
 Metaspace       used 231803K, capacity 239599K, committed 239860K, reserved 1257472K
  class space    used 29535K, capacity 32291K, committed 32384K, reserved 1048576K
}
Event: 5483.986 GC heap after
{Heap after GC invocations=209 (full 0):
 garbage-first heap   total 398336K, used 290455K [0x0000000080000000, 0x0000000100000000)
  region size 1024K, 7 young (7168K), 7 survivors (7168K)
 Metaspace       used 231803K, capacity 239599K, committed 239860K, reserved 1257472K
  class space    used 29535K, capacity 32291K, committed 32384K, reserved 1048576K
}
Event: 5484.451 GC heap before
{Heap before GC invocations=210 (full 0):
 garbage-first heap   total 398336K, used 338583K [0x0000000080000000, 0x0000000100000000)
  region size 1024K, 55 young (56320K), 7 survivors (7168K)
 Metaspace       used 227354K, capacity 232583K, committed 240244K, reserved 1257472K
  class space    used 28625K, capacity 30604K, committed 32512K, reserved 1048576K
}
Event: 5484.468 GC heap after
{Heap after GC invocations=211 (full 0):
 garbage-first heap   total 398336K, used 293888K [0x0000000080000000, 0x0000000100000000)
  region size 1024K, 5 young (5120K), 5 survivors (5120K)
 Metaspace       used 227354K, capacity 232583K, committed 240244K, reserved 1257472K
  class space    used 28625K, capacity 30604K, committed 32512K, reserved 1048576K
}
Event: 5484.554 GC heap before
{Heap before GC invocations=211 (full 0):
 garbage-first heap   total 398336K, used 308224K [0x0000000080000000, 0x0000000100000000)
  region size 1024K, 19 young (19456K), 5 survivors (5120K)
 Metaspace       used 227389K, capacity 232631K, committed 240244K, reserved 1257472K
  class space    used 28631K, capacity 30615K, committed 32512K, reserved 1048576K
}
Event: 5484.572 GC heap after
{Heap after GC invocations=212 (full 0):
 garbage-first heap   total 398336K, used 267746K [0x0000000080000000, 0x0000000100000000)
  region size 1024K, 3 young (3072K), 3 survivors (3072K)
 Metaspace       used 227389K, capacity 232631K, committed 240244K, reserved 1257472K
  class space    used 28631K, capacity 30615K, committed 32512K, reserved 1048576K
}
Event: 5484.751 GC heap before
{Heap before GC invocations=212 (full 0):
 garbage-first heap   total 398336K, used 283106K [0x0000000080000000, 0x0000000100000000)
  region size 1024K, 19 young (19456K), 3 survivors (3072K)
 Metaspace       used 227455K, capacity 232709K, committed 240244K, reserved 1257472K
  class space    used 28638K, capacity 30629K, committed 32512K, reserved 1048576K
}
Event: 5484.777 GC heap after
{Heap after GC invocations=213 (full 0):
 garbage-first heap   total 398336K, used 249936K [0x0000000080000000, 0x0000000100000000)
  region size 1024K, 2 young (2048K), 2 survivors (2048K)
 Metaspace       used 227455K, capacity 232709K, committed 240244K, reserved 1257472K
  class space    used 28638K, capacity 30629K, committed 32512K, reserved 1048576K
}
Event: 5484.879 GC heap before
{Heap before GC invocations=213 (full 0):
 garbage-first heap   total 398336K, used 266320K [0x0000000080000000, 0x0000000100000000)
  region size 1024K, 19 young (19456K), 2 survivors (2048K)
 Metaspace       used 227504K, capacity 232797K, committed 240244K, reserved 1257472K
  class space    used 28640K, capacity 30633K, committed 32512K, reserved 1048576K
}
Event: 5484.893 GC heap after
{Heap after GC invocations=214 (full 0):
 garbage-first heap   total 398336K, used 248609K [0x0000000080000000, 0x0000000100000000)
  region size 1024K, 2 young (2048K), 2 survivors (2048K)
 Metaspace       used 227504K, capacity 232797K, committed 240244K, reserved 1257472K
  class space    used 28640K, capacity 30633K, committed 32512K, reserved 1048576K
}
Event: 5488.737 GC heap before
{Heap before GC invocations=214 (full 0):
 garbage-first heap   total 398336K, used 318241K [0x0000000080000000, 0x0000000100000000)
  region size 1024K, 71 young (72704K), 2 survivors (2048K)
 Metaspace       used 227969K, capacity 233498K, committed 240244K, reserved 1257472K
  class space    used 28688K, capacity 30718K, committed 32512K, reserved 1048576K
}
Event: 5488.747 GC heap after
{Heap after GC invocations=215 (full 0):
 garbage-first heap   total 398336K, used 253341K [0x0000000080000000, 0x0000000100000000)
  region size 1024K, 7 young (7168K), 7 survivors (7168K)
 Metaspace       used 227969K, capacity 233498K, committed 240244K, reserved 1257472K
  class space    used 28688K, capacity 30718K, committed 32512K, reserved 1048576K
}
Event: 5490.058 GC heap before
{Heap before GC invocations=216 (full 0):
 garbage-first heap   total 398336K, used 322973K [0x0000000080000000, 0x0000000100000000)
  region size 1024K, 76 young (77824K), 7 survivors (7168K)
 Metaspace       used 241753K, capacity 249217K, committed 249332K, reserved 1265664K
  class space    used 31196K, capacity 34136K, committed 34176K, reserved 1048576K
}
Event: 5490.069 GC heap after
{Heap after GC invocations=217 (full 0):
 garbage-first heap   total 398336K, used 257597K [0x0000000080000000, 0x0000000100000000)
  region size 1024K, 9 young (9216K), 9 survivors (9216K)
 Metaspace       used 241753K, capacity 249217K, committed 249332K, reserved 1265664K
  class space    used 31196K, capacity 34136K, committed 34176K, reserved 1048576K
}
Event: 5490.213 GC heap before
{Heap before GC invocations=217 (full 0):
 garbage-first heap   total 398336K, used 266813K [0x0000000080000000, 0x0000000100000000)
  region size 1024K, 19 young (19456K), 9 survivors (9216K)
 Metaspace       used 242912K, capacity 250608K, committed 250612K, reserved 1265664K
  class space    used 31416K, capacity 34428K, committed 34432K, reserved 1048576K
}
Event: 5490.226 GC heap after
{Heap after GC invocations=218 (full 0):
 garbage-first heap   total 398336K, used 254832K [0x0000000080000000, 0x0000000100000000)
  region size 1024K, 2 young (2048K), 2 survivors (2048K)
 Metaspace       used 242912K, capacity 250608K, committed 250612K, reserved 1265664K
  class space    used 31416K, capacity 34428K, committed 34432K, reserved 1048576K
}

