# JRE version: OpenJDK Runtime Environment (17.0.6) (build 17.0.6+0-b2043.56-9586694)
# Java VM: OpenJDK 64-Bit Server VM (17.0.6+0-b2043.56-9586694, mixed mode, tiered, compressed oops, compressed class ptrs, g1 gc, windows-amd64)
GC Precious Log:
 CPUs: 8 total, 8 available
 Memory: 16267M
 Large Page Support: Disabled
 NUMA Support: Disabled
 Compressed Oops: Enabled (32-bit)
 Heap Region Size: 1M
 Heap Min Capacity: 8M
 Heap Initial Capacity: 256M
 Heap Max Capacity: 2G
 Pre-touch: Disabled
 Parallel Workers: 8
 Concurrent Workers: 2
 Concurrent Refinement Workers: 8
 Periodic GC: Disabled
Heap:
 garbage-first heap   total 309248K, used 139363K [0x0000000080000000, 0x0000000100000000)
  region size 1024K, 1 young (1024K), 1 survivors (1024K)
 Metaspace       used 135094K, committed 136768K, reserved 1171456K
  class space    used 18237K, committed 19008K, reserved 1048576K
GC Heap History (20 events):
Event: 1114.201 GC heap after
{Heap after GC invocations=74 (full 0):
 garbage-first heap   total 309248K, used 134677K [0x0000000080000000, 0x0000000100000000)
  region size 1024K, 2 young (2048K), 2 survivors (2048K)
 Metaspace       used 133640K, committed 135104K, reserved 1171456K
  class space    used 18132K, committed 18816K, reserved 1048576K
}
Event: 1117.391 GC heap before
{Heap before GC invocations=74 (full 0):
 garbage-first heap   total 309248K, used 205333K [0x0000000080000000, 0x0000000100000000)
  region size 1024K, 73 young (74752K), 2 survivors (2048K)
 Metaspace       used 133850K, committed 135296K, reserved 1171456K
  class space    used 18132K, committed 18816K, reserved 1048576K
}
Event: 1117.395 GC heap after
{Heap after GC invocations=75 (full 0):
 garbage-first heap   total 309248K, used 138002K [0x0000000080000000, 0x0000000100000000)
  region size 1024K, 6 young (6144K), 6 survivors (6144K)
 Metaspace       used 133850K, committed 135296K, reserved 1171456K
  class space    used 18132K, committed 18816K, reserved 1048576K
}
Event: 1339.100 GC heap before
{Heap before GC invocations=76 (full 0):
 garbage-first heap   total 309248K, used 280338K [0x0000000080000000, 0x0000000100000000)
  region size 1024K, 115 young (117760K), 6 survivors (6144K)
 Metaspace       used 134460K, committed 136064K, reserved 1171456K
  class space    used 18218K, committed 18944K, reserved 1048576K
}
Event: 1339.113 GC heap after
{Heap after GC invocations=77 (full 0):
 garbage-first heap   total 309248K, used 148210K [0x0000000080000000, 0x0000000100000000)
  region size 1024K, 15 young (15360K), 15 survivors (15360K)
 Metaspace       used 134460K, committed 136064K, reserved 1171456K
  class space    used 18218K, committed 18944K, reserved 1048576K
}
Event: 1339.119 GC heap before
{Heap before GC invocations=77 (full 0):
 garbage-first heap   total 309248K, used 149234K [0x0000000080000000, 0x0000000100000000)
  region size 1024K, 16 young (16384K), 15 survivors (15360K)
 Metaspace       used 134460K, committed 136064K, reserved 1171456K
  class space    used 18218K, committed 18944K, reserved 1048576K
}
Event: 1339.131 GC heap after
{Heap after GC invocations=78 (full 0):
 garbage-first heap   total 309248K, used 141273K [0x0000000080000000, 0x0000000100000000)
  region size 1024K, 1 young (1024K), 1 survivors (1024K)
 Metaspace       used 134460K, committed 136064K, reserved 1171456K
  class space    used 18218K, committed 18944K, reserved 1048576K
}
Event: 1339.495 GC heap before
{Heap before GC invocations=78 (full 0):
 garbage-first heap   total 309248K, used 179161K [0x0000000080000000, 0x0000000100000000)
  region size 1024K, 40 young (40960K), 1 survivors (1024K)
 Metaspace       used 134563K, committed 136192K, reserved 1171456K
  class space    used 18222K, committed 18944K, reserved 1048576K
}
Event: 1339.497 GC heap after
{Heap after GC invocations=79 (full 0):
 garbage-first heap   total 309248K, used 141376K [0x0000000080000000, 0x0000000100000000)
  region size 1024K, 1 young (1024K), 1 survivors (1024K)
 Metaspace       used 134563K, committed 136192K, reserved 1171456K
  class space    used 18222K, committed 18944K, reserved 1048576K
}
Event: 1359.552 GC heap before
{Heap before GC invocations=80 (full 0):
 garbage-first heap   total 309248K, used 282688K [0x0000000080000000, 0x0000000100000000)
  region size 1024K, 109 young (111616K), 1 survivors (1024K)
 Metaspace       used 134722K, committed 136320K, reserved 1171456K
  class space    used 18222K, committed 18944K, reserved 1048576K
}
Event: 1359.557 GC heap after
{Heap after GC invocations=81 (full 0):
 garbage-first heap   total 309248K, used 143940K [0x0000000080000000, 0x0000000100000000)
  region size 1024K, 5 young (5120K), 5 survivors (5120K)
 Metaspace       used 134722K, committed 136320K, reserved 1171456K
  class space    used 18222K, committed 18944K, reserved 1048576K
}
Event: 1359.627 GC heap before
{Heap before GC invocations=81 (full 0):
 garbage-first heap   total 309248K, used 154180K [0x0000000080000000, 0x0000000100000000)
  region size 1024K, 15 young (15360K), 5 survivors (5120K)
 Metaspace       used 134737K, committed 136320K, reserved 1171456K
  class space    used 18223K, committed 18944K, reserved 1048576K
}
Event: 1359.635 GC heap after
{Heap after GC invocations=82 (full 0):
 garbage-first heap   total 309248K, used 136603K [0x0000000080000000, 0x0000000100000000)
  region size 1024K, 2 young (2048K), 2 survivors (2048K)
 Metaspace       used 134737K, committed 136320K, reserved 1171456K
  class space    used 18223K, committed 18944K, reserved 1048576K
}
Event: 1361.303 GC heap before
{Heap before GC invocations=82 (full 0):
 garbage-first heap   total 309248K, used 226715K [0x0000000080000000, 0x0000000100000000)
  region size 1024K, 92 young (94208K), 2 survivors (2048K)
 Metaspace       used 134885K, committed 136512K, reserved 1171456K
  class space    used 18223K, committed 18944K, reserved 1048576K
}
Event: 1361.309 GC heap after
{Heap after GC invocations=83 (full 0):
 garbage-first heap   total 309248K, used 141112K [0x0000000080000000, 0x0000000100000000)
  region size 1024K, 7 young (7168K), 7 survivors (7168K)
 Metaspace       used 134885K, committed 136512K, reserved 1171456K
  class space    used 18223K, committed 18944K, reserved 1048576K
}
Event: 1376.995 GC heap before
{Heap before GC invocations=84 (full 0):
 garbage-first heap   total 309248K, used 283448K [0x0000000080000000, 0x0000000100000000)
  region size 1024K, 116 young (118784K), 7 survivors (7168K)
 Metaspace       used 135094K, committed 136768K, reserved 1171456K
  class space    used 18237K, committed 19008K, reserved 1048576K
}
Event: 1377.006 GC heap after
{Heap after GC invocations=85 (full 0):
 garbage-first heap   total 309248K, used 149915K [0x0000000080000000, 0x0000000100000000)
  region size 1024K, 15 young (15360K), 15 survivors (15360K)
 Metaspace       used 135094K, committed 136768K, reserved 1171456K
  class space    used 18237K, committed 19008K, reserved 1048576K
}
Event: 1377.015 GC heap before
{Heap before GC invocations=85 (full 0):
 garbage-first heap   total 309248K, used 150939K [0x0000000080000000, 0x0000000100000000)
  region size 1024K, 16 young (16384K), 15 survivors (15360K)
 Metaspace       used 135094K, committed 136768K, reserved 1171456K
  class space    used 18237K, committed 19008K, reserved 1048576K
}
Event: 1377.029 GC heap after
{Heap after GC invocations=86 (full 0):
 garbage-first heap   total 309248K, used 139518K [0x0000000080000000, 0x0000000100000000)
  region size 1024K, 1 young (1024K), 1 survivors (1024K)
 Metaspace       used 135094K, committed 136768K, reserved 1171456K
  class space    used 18237K, committed 19008K, reserved 1048576K
}
Event: 1377.132 GC heap before
{Heap before GC invocations=86 (full 0):
 garbage-first heap   total 309248K, used 148734K [0x0000000080000000, 0x0000000100000000)
  region size 1024K, 11 young (11264K), 1 survivors (1024K)
 Metaspace       used 135094K, committed 136768K, reserved 1171456K
  class space    used 18237K, committed 19008K, reserved 1048576K
}

